# JRE version: Java(TM) SE Runtime Environment (8.0_201-b09) (build 1.8.0_201-b09)
# Java VM: Java HotSpot(TM) 64-Bit Server VM (25.201-b09 mixed mode bsd-amd64 compressed oops)
Heap:
 PSYoungGen      total 71680K, used 41457K [0x0000000795580000, 0x00000007a0980000, 0x00000007c0000000)
  eden space 66560K, 60% used [0x0000000795580000,0x0000000797c88680,0x0000000799680000)
  from space 5120K, 29% used [0x0000000799680000,0x00000007997f4030,0x0000000799b80000)
  to   space 25600K, 0% used [0x000000079f080000,0x000000079f080000,0x00000007a0980000)
 ParOldGen       total 87552K, used 36190K [0x0000000740000000, 0x0000000745580000, 0x0000000795580000)
  object space 87552K, 41% used [0x0000000740000000,0x00000007423578f8,0x0000000745580000)
 Metaspace       used 15473K, capacity 15680K, committed 16000K, reserved 1062912K
  class space    used 1512K, capacity 1597K, committed 1664K, reserved 1048576K
GC Heap History (10 events):
Event: 1.972 GC heap before
{Heap before GC invocations=1 (full 0):
 PSYoungGen      total 38400K, used 33280K [0x0000000795580000, 0x0000000798000000, 0x00000007c0000000)
  eden space 33280K, 100% used [0x0000000795580000,0x0000000797600000,0x0000000797600000)
  from space 5120K, 0% used [0x0000000797b00000,0x0000000797b00000,0x0000000798000000)
  to   space 5120K, 0% used [0x0000000797600000,0x0000000797600000,0x0000000797b00000)
 ParOldGen       total 87552K, used 0K [0x0000000740000000, 0x0000000745580000, 0x0000000795580000)
  object space 87552K, 0% used [0x0000000740000000,0x0000000740000000,0x0000000745580000)
 Metaspace       used 13001K, capacity 13152K, committed 13440K, reserved 1060864K
  class space    used 1256K, capacity 1309K, committed 1408K, reserved 1048576K
Event: 1.978 GC heap after
Heap after GC invocations=1 (full 0):
 PSYoungGen      total 38400K, used 5096K [0x0000000795580000, 0x0000000798000000, 0x00000007c0000000)
  eden space 33280K, 0% used [0x0000000795580000,0x0000000795580000,0x0000000797600000)
  from space 5120K, 99% used [0x0000000797600000,0x0000000797afa2b8,0x0000000797b00000)
  to   space 5120K, 0% used [0x0000000797b00000,0x0000000797b00000,0x0000000798000000)
 ParOldGen       total 87552K, used 128K [0x0000000740000000, 0x0000000745580000, 0x0000000795580000)
  object space 87552K, 0% used [0x0000000740000000,0x0000000740020108,0x0000000745580000)
 Metaspace       used 13001K, capacity 13152K, committed 13440K, reserved 1060864K
  class space    used 1256K, capacity 1309K, committed 1408K, reserved 1048576K
}
Event: 2.629 GC heap before
{Heap before GC invocations=2 (full 0):
 PSYoungGen      total 38400K, used 34498K [0x0000000795580000, 0x0000000798000000, 0x00000007c0000000)
  eden space 33280K, 88% used [0x0000000795580000,0x0000000797236858,0x0000000797600000)
  from space 5120K, 99% used [0x0000000797600000,0x0000000797afa2b8,0x0000000797b00000)
  to   space 5120K, 0% used [0x0000000797b00000,0x0000000797b00000,0x0000000798000000)
 ParOldGen       total 87552K, used 128K [0x0000000740000000, 0x0000000745580000, 0x0000000795580000)
  object space 87552K, 0% used [0x0000000740000000,0x0000000740020108,0x0000000745580000)
 Metaspace       used 14874K, capacity 15040K, committed 15104K, reserved 1062912K
  class space    used 1467K, capacity 1533K, committed 1536K, reserved 1048576K
Event: 2.639 GC heap after
Heap after GC invocations=2 (full 0):
 PSYoungGen      total 38400K, used 5088K [0x0000000795580000, 0x0000000798000000, 0x00000007c0000000)
  eden space 33280K, 0% used [0x0000000795580000,0x0000000795580000,0x0000000797600000)
  from space 5120K, 99% used [0x0000000797b00000,0x0000000797ff8010,0x0000000798000000)
  to   space 5120K, 0% used [0x0000000797600000,0x0000000797600000,0x0000000797b00000)
 ParOldGen       total 87552K, used 19782K [0x0000000740000000, 0x0000000745580000, 0x0000000795580000)
  object space 87552K, 22% used [0x0000000740000000,0x00000007413518b8,0x0000000745580000)
 Metaspace       used 14874K, capacity 15040K, committed 15104K, reserved 1062912K
  class space    used 1467K, capacity 1533K, committed 1536K, reserved 1048576K
}
Event: 2.743 GC heap before
{Heap before GC invocations=3 (full 0):
 PSYoungGen      total 38400K, used 38368K [0x0000000795580000, 0x0000000798000000, 0x00000007c0000000)
  eden space 33280K, 100% used [0x0000000795580000,0x0000000797600000,0x0000000797600000)
  from space 5120K, 99% used [0x0000000797b00000,0x0000000797ff8010,0x0000000798000000)
  to   space 5120K, 0% used [0x0000000797600000,0x0000000797600000,0x0000000797b00000)
 ParOldGen       total 87552K, used 19782K [0x0000000740000000, 0x0000000745580000, 0x0000000795580000)
  object space 87552K, 22% used [0x0000000740000000,0x00000007413518b8,0x0000000745580000)
 Metaspace       used 14901K, capacity 15104K, committed 15360K, reserved 1062912K
  class space    used 1468K, capacity 1533K, committed 1536K, reserved 1048576K
Event: 2.750 GC heap after
Heap after GC invocations=3 (full 0):
 PSYoungGen      total 38400K, used 5104K [0x0000000795580000, 0x000000079a080000, 0x00000007c0000000)
  eden space 33280K, 0% used [0x0000000795580000,0x0000000795580000,0x0000000797600000)
  from space 5120K, 99% used [0x0000000797600000,0x0000000797afc040,0x0000000797b00000)
  to   space 5120K, 0% used [0x0000000799b80000,0x0000000799b80000,0x000000079a080000)
 ParOldGen       total 87552K, used 36174K [0x0000000740000000, 0x0000000745580000, 0x0000000795580000)
  object space 87552K, 41% used [0x0000000740000000,0x00000007423538f8,0x0000000745580000)
 Metaspace       used 14901K, capacity 15104K, committed 15360K, reserved 1062912K
  class space    used 1468K, capacity 1533K, committed 1536K, reserved 1048576K
}
Event: 2.979 GC heap before
{Heap before GC invocations=4 (full 0):
 PSYoungGen      total 38400K, used 38384K [0x0000000795580000, 0x000000079a080000, 0x00000007c0000000)
  eden space 33280K, 100% used [0x0000000795580000,0x0000000797600000,0x0000000797600000)
  from space 5120K, 99% used [0x0000000797600000,0x0000000797afc040,0x0000000797b00000)
  to   space 5120K, 0% used [0x0000000799b80000,0x0000000799b80000,0x000000079a080000)
 ParOldGen       total 87552K, used 36174K [0x0000000740000000, 0x0000000745580000, 0x0000000795580000)
  object space 87552K, 41% used [0x0000000740000000,0x00000007423538f8,0x0000000745580000)
 Metaspace       used 15386K, capacity 15520K, committed 15744K, reserved 1062912K
  class space    used 1503K, capacity 1565K, committed 1664K, reserved 1048576K
Event: 2.984 GC heap after
Heap after GC invocations=4 (full 0):
 PSYoungGen      total 71680K, used 2600K [0x0000000795580000, 0x000000079a080000, 0x00000007c0000000)
  eden space 66560K, 0% used [0x0000000795580000,0x0000000795580000,0x0000000799680000)
  from space 5120K, 50% used [0x0000000799b80000,0x0000000799e0a1b8,0x000000079a080000)
  to   space 5120K, 0% used [0x0000000799680000,0x0000000799680000,0x0000000799b80000)
 ParOldGen       total 87552K, used 36182K [0x0000000740000000, 0x0000000745580000, 0x0000000795580000)
  object space 87552K, 41% used [0x0000000740000000,0x00000007423558f8,0x0000000745580000)
 Metaspace       used 15386K, capacity 15520K, committed 15744K, reserved 1062912K
  class space    used 1503K, capacity 1565K, committed 1664K, reserved 1048576K
}
Event: 3.178 GC heap before
{Heap before GC invocations=5 (full 0):
 PSYoungGen      total 71680K, used 69160K [0x0000000795580000, 0x000000079a080000, 0x00000007c0000000)
  eden space 66560K, 100% used [0x0000000795580000,0x0000000799680000,0x0000000799680000)
  from space 5120K, 50% used [0x0000000799b80000,0x0000000799e0a1b8,0x000000079a080000)
  to   space 5120K, 0% used [0x0000000799680000,0x0000000799680000,0x0000000799b80000)
 ParOldGen       total 87552K, used 36182K [0x0000000740000000, 0x0000000745580000, 0x0000000795580000)
  object space 87552K, 41% used [0x0000000740000000,0x00000007423558f8,0x0000000745580000)
 Metaspace       used 15466K, capacity 15680K, committed 16000K, reserved 1062912K
  class space    used 1512K, capacity 1597K, committed 1664K, reserved 1048576K
Event: 3.182 GC heap after
Heap after GC invocations=5 (full 0):
 PSYoungGen      total 71680K, used 1488K [0x0000000795580000, 0x00000007a0980000, 0x00000007c0000000)
  eden space 66560K, 0% used [0x0000000795580000,0x0000000795580000,0x0000000799680000)
  from space 5120K, 29% used [0x0000000799680000,0x00000007997f4030,0x0000000799b80000)
  to   space 25600K, 0% used [0x000000079f080000,0x000000079f080000,0x00000007a0980000)
 ParOldGen       total 87552K, used 36190K [0x0000000740000000, 0x0000000745580000, 0x0000000795580000)
  object space 87552K, 41% used [0x0000000740000000,0x00000007423578f8,0x0000000745580000)
 Metaspace       used 15466K, capacity 15680K, committed 16000K, reserved 1062912K
  class space    used 1512K, capacity 1597K, committed 1664K, reserved 1048576K
}

