# JRE version: Java(TM) SE Runtime Environment (8.0_201-b09) (build 1.8.0_201-b09)
# Java VM: Java HotSpot(TM) 64-Bit Server VM (25.201-b09 mixed mode bsd-amd64 compressed oops)
Heap:
 PSYoungGen      total 71680K, used 39063K [0x0000000795580000, 0x000000079e880000, 0x00000007c0000000)
  eden space 66560K, 56% used [0x0000000795580000,0x00000007979fdae0,0x0000000799680000)
  from space 5120K, 33% used [0x0000000799680000,0x0000000799828130,0x0000000799b80000)
  to   space 8704K, 0% used [0x000000079e000000,0x000000079e000000,0x000000079e880000)
 ParOldGen       total 87552K, used 27178K [0x0000000740000000, 0x0000000745580000, 0x0000000795580000)
  object space 87552K, 31% used [0x0000000740000000,0x0000000741a8a830,0x0000000745580000)
 Metaspace       used 15435K, capacity 15680K, committed 16000K, reserved 1062912K
  class space    used 1501K, capacity 1597K, committed 1664K, reserved 1048576K
GC Heap History (10 events):
Event: 3.284 GC heap before
{Heap before GC invocations=1 (full 0):
 PSYoungGen      total 38400K, used 33280K [0x0000000795580000, 0x0000000798000000, 0x00000007c0000000)
  eden space 33280K, 100% used [0x0000000795580000,0x0000000797600000,0x0000000797600000)
  from space 5120K, 0% used [0x0000000797b00000,0x0000000797b00000,0x0000000798000000)
  to   space 5120K, 0% used [0x0000000797600000,0x0000000797600000,0x0000000797b00000)
 ParOldGen       total 87552K, used 0K [0x0000000740000000, 0x0000000745580000, 0x0000000795580000)
  object space 87552K, 0% used [0x0000000740000000,0x0000000740000000,0x0000000745580000)
 Metaspace       used 12945K, capacity 13152K, committed 13440K, reserved 1060864K
  class space    used 1245K, capacity 1309K, committed 1408K, reserved 1048576K
Event: 3.289 GC heap after
Heap after GC invocations=1 (full 0):
 PSYoungGen      total 38400K, used 5089K [0x0000000795580000, 0x0000000798000000, 0x00000007c0000000)
  eden space 33280K, 0% used [0x0000000795580000,0x0000000795580000,0x0000000797600000)
  from space 5120K, 99% used [0x0000000797600000,0x0000000797af8770,0x0000000797b00000)
  to   space 5120K, 0% used [0x0000000797b00000,0x0000000797b00000,0x0000000798000000)
 ParOldGen       total 87552K, used 48K [0x0000000740000000, 0x0000000745580000, 0x0000000795580000)
  object space 87552K, 0% used [0x0000000740000000,0x000000074000c268,0x0000000745580000)
 Metaspace       used 12945K, capacity 13152K, committed 13440K, reserved 1060864K
  class space    used 1245K, capacity 1309K, committed 1408K, reserved 1048576K
}
Event: 3.899 GC heap before
{Heap before GC invocations=2 (full 0):
 PSYoungGen      total 38400K, used 34937K [0x0000000795580000, 0x0000000798000000, 0x00000007c0000000)
  eden space 33280K, 89% used [0x0000000795580000,0x00000007972a5d88,0x0000000797600000)
  from space 5120K, 99% used [0x0000000797600000,0x0000000797af8770,0x0000000797b00000)
  to   space 5120K, 0% used [0x0000000797b00000,0x0000000797b00000,0x0000000798000000)
 ParOldGen       total 87552K, used 48K [0x0000000740000000, 0x0000000745580000, 0x0000000795580000)
  object space 87552K, 0% used [0x0000000740000000,0x000000074000c268,0x0000000745580000)
 Metaspace       used 14853K, capacity 15040K, committed 15104K, reserved 1062912K
  class space    used 1460K, capacity 1533K, committed 1536K, reserved 1048576K
Event: 3.910 GC heap after
Heap after GC invocations=2 (full 0):
 PSYoungGen      total 38400K, used 4374K [0x0000000795580000, 0x0000000798000000, 0x00000007c0000000)
  eden space 33280K, 0% used [0x0000000795580000,0x0000000795580000,0x0000000797600000)
  from space 5120K, 85% used [0x0000000797b00000,0x0000000797f45800,0x0000000798000000)
  to   space 5120K, 0% used [0x0000000797600000,0x0000000797600000,0x0000000797b00000)
 ParOldGen       total 87552K, used 24632K [0x0000000740000000, 0x0000000745580000, 0x0000000795580000)
  object space 87552K, 28% used [0x0000000740000000,0x000000074180e2c8,0x0000000745580000)
 Metaspace       used 14853K, capacity 15040K, committed 15104K, reserved 1062912K
  class space    used 1460K, capacity 1533K, committed 1536K, reserved 1048576K
}
Event: 4.006 GC heap before
{Heap before GC invocations=3 (full 0):
 PSYoungGen      total 38400K, used 37654K [0x0000000795580000, 0x0000000798000000, 0x00000007c0000000)
  eden space 33280K, 100% used [0x0000000795580000,0x0000000797600000,0x0000000797600000)
  from space 5120K, 85% used [0x0000000797b00000,0x0000000797f45800,0x0000000798000000)
  to   space 5120K, 0% used [0x0000000797600000,0x0000000797600000,0x0000000797b00000)
 ParOldGen       total 87552K, used 24632K [0x0000000740000000, 0x0000000745580000, 0x0000000795580000)
  object space 87552K, 28% used [0x0000000740000000,0x000000074180e2c8,0x0000000745580000)
 Metaspace       used 14880K, capacity 15104K, committed 15360K, reserved 1062912K
  class space    used 1461K, capacity 1533K, committed 1536K, reserved 1048576K
Event: 4.010 GC heap after
Heap after GC invocations=3 (full 0):
 PSYoungGen      total 38400K, used 5088K [0x0000000795580000, 0x000000079a080000, 0x00000007c0000000)
  eden space 33280K, 0% used [0x0000000795580000,0x0000000795580000,0x0000000797600000)
  from space 5120K, 99% used [0x0000000797600000,0x0000000797af8010,0x0000000797b00000)
  to   space 5120K, 0% used [0x0000000799b80000,0x0000000799b80000,0x000000079a080000)
 ParOldGen       total 87552K, used 27162K [0x0000000740000000, 0x0000000745580000, 0x0000000795580000)
  object space 87552K, 31% used [0x0000000740000000,0x0000000741a86830,0x0000000745580000)
 Metaspace       used 14880K, capacity 15104K, committed 15360K, reserved 1062912K
  class space    used 1461K, capacity 1533K, committed 1536K, reserved 1048576K
}
Event: 4.217 GC heap before
{Heap before GC invocations=4 (full 0):
 PSYoungGen      total 38400K, used 38368K [0x0000000795580000, 0x000000079a080000, 0x00000007c0000000)
  eden space 33280K, 100% used [0x0000000795580000,0x0000000797600000,0x0000000797600000)
  from space 5120K, 99% used [0x0000000797600000,0x0000000797af8010,0x0000000797b00000)
  to   space 5120K, 0% used [0x0000000799b80000,0x0000000799b80000,0x000000079a080000)
 ParOldGen       total 87552K, used 27162K [0x0000000740000000, 0x0000000745580000, 0x0000000795580000)
  object space 87552K, 31% used [0x0000000740000000,0x0000000741a86830,0x0000000745580000)
 Metaspace       used 15363K, capacity 15520K, committed 15744K, reserved 1062912K
  class space    used 1496K, capacity 1565K, committed 1664K, reserved 1048576K
Event: 4.221 GC heap after
Heap after GC invocations=4 (full 0):
 PSYoungGen      total 71680K, used 2635K [0x0000000795580000, 0x000000079a080000, 0x00000007c0000000)
  eden space 66560K, 0% used [0x0000000795580000,0x0000000795580000,0x0000000799680000)
  from space 5120K, 51% used [0x0000000799b80000,0x0000000799e12f10,0x000000079a080000)
  to   space 5120K, 0% used [0x0000000799680000,0x0000000799680000,0x0000000799b80000)
 ParOldGen       total 87552K, used 27170K [0x0000000740000000, 0x0000000745580000, 0x0000000795580000)
  object space 87552K, 31% used [0x0000000740000000,0x0000000741a88830,0x0000000745580000)
 Metaspace       used 15363K, capacity 15520K, committed 15744K, reserved 1062912K
  class space    used 1496K, capacity 1565K, committed 1664K, reserved 1048576K
}
Event: 4.426 GC heap before
{Heap before GC invocations=5 (full 0):
 PSYoungGen      total 71680K, used 69195K [0x0000000795580000, 0x000000079a080000, 0x00000007c0000000)
  eden space 66560K, 100% used [0x0000000795580000,0x0000000799680000,0x0000000799680000)
  from space 5120K, 51% used [0x0000000799b80000,0x0000000799e12f10,0x000000079a080000)
  to   space 5120K, 0% used [0x0000000799680000,0x0000000799680000,0x0000000799b80000)
 ParOldGen       total 87552K, used 27170K [0x0000000740000000, 0x0000000745580000, 0x0000000795580000)
  object space 87552K, 31% used [0x0000000740000000,0x0000000741a88830,0x0000000745580000)
 Metaspace       used 15428K, capacity 15680K, committed 16000K, reserved 1062912K
  class space    used 1501K, capacity 1597K, committed 1664K, reserved 1048576K
Event: 4.429 GC heap after
Heap after GC invocations=5 (full 0):
 PSYoungGen      total 71680K, used 1696K [0x0000000795580000, 0x000000079e880000, 0x00000007c0000000)
  eden space 66560K, 0% used [0x0000000795580000,0x0000000795580000,0x0000000799680000)
  from space 5120K, 33% used [0x0000000799680000,0x0000000799828130,0x0000000799b80000)
  to   space 8704K, 0% used [0x000000079e000000,0x000000079e000000,0x000000079e880000)
 ParOldGen       total 87552K, used 27178K [0x0000000740000000, 0x0000000745580000, 0x0000000795580000)
  object space 87552K, 31% used [0x0000000740000000,0x0000000741a8a830,0x0000000745580000)
 Metaspace       used 15428K, capacity 15680K, committed 16000K, reserved 1062912K
  class space    used 1501K, capacity 1597K, committed 1664K, reserved 1048576K
}

