# JRE version: Java(TM) SE Runtime Environment (8.0_201-b09) (build 1.8.0_201-b09)
# Java VM: Java HotSpot(TM) 64-Bit Server VM (25.201-b09 mixed mode bsd-amd64 compressed oops)
Heap:
 PSYoungGen      total 71680K, used 41576K [0x0000000795580000, 0x000000079e880000, 0x00000007c0000000)
  eden space 66560K, 59% used [0x0000000795580000,0x0000000797c72268,0x0000000799680000)
  from space 5120K, 33% used [0x0000000799680000,0x0000000799828000,0x0000000799b80000)
  to   space 8704K, 0% used [0x000000079e000000,0x000000079e000000,0x000000079e880000)
 ParOldGen       total 87552K, used 39472K [0x0000000740000000, 0x0000000745580000, 0x0000000795580000)
  object space 87552K, 45% used [0x0000000740000000,0x000000074268c3d8,0x0000000745580000)
 Metaspace       used 15456K, capacity 15616K, committed 15744K, reserved 1062912K
  class space    used 1506K, capacity 1597K, committed 1664K, reserved 1048576K
GC Heap History (10 events):
Event: 3.571 GC heap before
{Heap before GC invocations=1 (full 0):
 PSYoungGen      total 38400K, used 33280K [0x0000000795580000, 0x0000000798000000, 0x00000007c0000000)
  eden space 33280K, 100% used [0x0000000795580000,0x0000000797600000,0x0000000797600000)
  from space 5120K, 0% used [0x0000000797b00000,0x0000000797b00000,0x0000000798000000)
  to   space 5120K, 0% used [0x0000000797600000,0x0000000797600000,0x0000000797b00000)
 ParOldGen       total 87552K, used 0K [0x0000000740000000, 0x0000000745580000, 0x0000000795580000)
  object space 87552K, 0% used [0x0000000740000000,0x0000000740000000,0x0000000745580000)
 Metaspace       used 12953K, capacity 13152K, committed 13440K, reserved 1060864K
  class space    used 1247K, capacity 1309K, committed 1408K, reserved 1048576K
Event: 3.576 GC heap after
Heap after GC invocations=1 (full 0):
 PSYoungGen      total 38400K, used 5104K [0x0000000795580000, 0x0000000798000000, 0x00000007c0000000)
  eden space 33280K, 0% used [0x0000000795580000,0x0000000795580000,0x0000000797600000)
  from space 5120K, 99% used [0x0000000797600000,0x0000000797afc0a8,0x0000000797b00000)
  to   space 5120K, 0% used [0x0000000797b00000,0x0000000797b00000,0x0000000798000000)
 ParOldGen       total 87552K, used 48K [0x0000000740000000, 0x0000000745580000, 0x0000000795580000)
  object space 87552K, 0% used [0x0000000740000000,0x000000074000c268,0x0000000745580000)
 Metaspace       used 12953K, capacity 13152K, committed 13440K, reserved 1060864K
  class space    used 1247K, capacity 1309K, committed 1408K, reserved 1048576K
}
Event: 4.217 GC heap before
{Heap before GC invocations=2 (full 0):
 PSYoungGen      total 38400K, used 34968K [0x0000000795580000, 0x0000000798000000, 0x00000007c0000000)
  eden space 33280K, 89% used [0x0000000795580000,0x00000007972aa2f0,0x0000000797600000)
  from space 5120K, 99% used [0x0000000797600000,0x0000000797afc0a8,0x0000000797b00000)
  to   space 5120K, 0% used [0x0000000797b00000,0x0000000797b00000,0x0000000798000000)
 ParOldGen       total 87552K, used 48K [0x0000000740000000, 0x0000000745580000, 0x0000000795580000)
  object space 87552K, 0% used [0x0000000740000000,0x000000074000c268,0x0000000745580000)
 Metaspace       used 14856K, capacity 14976K, committed 15104K, reserved 1062912K
  class space    used 1461K, capacity 1533K, committed 1536K, reserved 1048576K
Event: 4.230 GC heap after
Heap after GC invocations=2 (full 0):
 PSYoungGen      total 38400K, used 4346K [0x0000000795580000, 0x000000079a080000, 0x00000007c0000000)
  eden space 33280K, 0% used [0x0000000795580000,0x0000000795580000,0x0000000797600000)
  from space 5120K, 84% used [0x0000000797b00000,0x0000000797f3eb88,0x0000000798000000)
  to   space 5120K, 0% used [0x0000000797600000,0x0000000797600000,0x0000000797b00000)
 ParOldGen       total 87552K, used 24632K [0x0000000740000000, 0x0000000745580000, 0x0000000795580000)
  object space 87552K, 28% used [0x0000000740000000,0x000000074180e2c8,0x0000000745580000)
 Metaspace       used 14856K, capacity 14976K, committed 15104K, reserved 1062912K
  class space    used 1461K, capacity 1533K, committed 1536K, reserved 1048576K
}
Event: 4.344 GC heap before
{Heap before GC invocations=3 (full 0):
 PSYoungGen      total 38400K, used 37626K [0x0000000795580000, 0x000000079a080000, 0x00000007c0000000)
  eden space 33280K, 100% used [0x0000000795580000,0x0000000797600000,0x0000000797600000)
  from space 5120K, 84% used [0x0000000797b00000,0x0000000797f3eb88,0x0000000798000000)
  to   space 5120K, 0% used [0x0000000797600000,0x0000000797600000,0x0000000797b00000)
 ParOldGen       total 87552K, used 24632K [0x0000000740000000, 0x0000000745580000, 0x0000000795580000)
  object space 87552K, 28% used [0x0000000740000000,0x000000074180e2c8,0x0000000745580000)
 Metaspace       used 14883K, capacity 15040K, committed 15104K, reserved 1062912K
  class space    used 1462K, capacity 1533K, committed 1536K, reserved 1048576K
Event: 4.348 GC heap after
Heap after GC invocations=3 (full 0):
 PSYoungGen      total 38400K, used 5104K [0x0000000795580000, 0x000000079a080000, 0x00000007c0000000)
  eden space 33280K, 0% used [0x0000000795580000,0x0000000795580000,0x0000000797600000)
  from space 5120K, 99% used [0x0000000797600000,0x0000000797afc020,0x0000000797b00000)
  to   space 5120K, 0% used [0x0000000799b80000,0x0000000799b80000,0x000000079a080000)
 ParOldGen       total 87552K, used 27168K [0x0000000740000000, 0x0000000745580000, 0x0000000795580000)
  object space 87552K, 31% used [0x0000000740000000,0x0000000741a883a8,0x0000000745580000)
 Metaspace       used 14883K, capacity 15040K, committed 15104K, reserved 1062912K
  class space    used 1462K, capacity 1533K, committed 1536K, reserved 1048576K
}
Event: 4.565 GC heap before
{Heap before GC invocations=4 (full 0):
 PSYoungGen      total 38400K, used 38384K [0x0000000795580000, 0x000000079a080000, 0x00000007c0000000)
  eden space 33280K, 100% used [0x0000000795580000,0x0000000797600000,0x0000000797600000)
  from space 5120K, 99% used [0x0000000797600000,0x0000000797afc020,0x0000000797b00000)
  to   space 5120K, 0% used [0x0000000799b80000,0x0000000799b80000,0x000000079a080000)
 ParOldGen       total 87552K, used 27168K [0x0000000740000000, 0x0000000745580000, 0x0000000795580000)
  object space 87552K, 31% used [0x0000000740000000,0x0000000741a883a8,0x0000000745580000)
 Metaspace       used 15370K, capacity 15520K, committed 15744K, reserved 1062912K
  class space    used 1497K, capacity 1565K, committed 1664K, reserved 1048576K
Event: 4.572 GC heap after
Heap after GC invocations=4 (full 0):
 PSYoungGen      total 71680K, used 2664K [0x0000000795580000, 0x000000079a080000, 0x00000007c0000000)
  eden space 66560K, 0% used [0x0000000795580000,0x0000000795580000,0x0000000799680000)
  from space 5120K, 52% used [0x0000000799b80000,0x0000000799e1a1b8,0x000000079a080000)
  to   space 5120K, 0% used [0x0000000799680000,0x0000000799680000,0x0000000799b80000)
 ParOldGen       total 87552K, used 39464K [0x0000000740000000, 0x0000000745580000, 0x0000000795580000)
  object space 87552K, 45% used [0x0000000740000000,0x000000074268a3d8,0x0000000745580000)
 Metaspace       used 15370K, capacity 15520K, committed 15744K, reserved 1062912K
  class space    used 1497K, capacity 1565K, committed 1664K, reserved 1048576K
}
Event: 4.794 GC heap before
{Heap before GC invocations=5 (full 0):
 PSYoungGen      total 71680K, used 69224K [0x0000000795580000, 0x000000079a080000, 0x00000007c0000000)
  eden space 66560K, 100% used [0x0000000795580000,0x0000000799680000,0x0000000799680000)
  from space 5120K, 52% used [0x0000000799b80000,0x0000000799e1a1b8,0x000000079a080000)
  to   space 5120K, 0% used [0x0000000799680000,0x0000000799680000,0x0000000799b80000)
 ParOldGen       total 87552K, used 39464K [0x0000000740000000, 0x0000000745580000, 0x0000000795580000)
  object space 87552K, 45% used [0x0000000740000000,0x000000074268a3d8,0x0000000745580000)
 Metaspace       used 15450K, capacity 15616K, committed 15744K, reserved 1062912K
  class space    used 1506K, capacity 1597K, committed 1664K, reserved 1048576K
Event: 4.798 GC heap after
Heap after GC invocations=5 (full 0):
 PSYoungGen      total 71680K, used 1696K [0x0000000795580000, 0x000000079e880000, 0x00000007c0000000)
  eden space 66560K, 0% used [0x0000000795580000,0x0000000795580000,0x0000000799680000)
  from space 5120K, 33% used [0x0000000799680000,0x0000000799828000,0x0000000799b80000)
  to   space 8704K, 0% used [0x000000079e000000,0x000000079e000000,0x000000079e880000)
 ParOldGen       total 87552K, used 39472K [0x0000000740000000, 0x0000000745580000, 0x0000000795580000)
  object space 87552K, 45% used [0x0000000740000000,0x000000074268c3d8,0x0000000745580000)
 Metaspace       used 15450K, capacity 15616K, committed 15744K, reserved 1062912K
  class space    used 1506K, capacity 1597K, committed 1664K, reserved 1048576K
}

