# JRE version: Java(TM) SE Runtime Environment (8.0_201-b09) (build 1.8.0_201-b09)
# Java VM: Java HotSpot(TM) 64-Bit Server VM (25.201-b09 mixed mode bsd-amd64 compressed oops)
Heap:
 PSYoungGen      total 71680K, used 39051K [0x0000000795580000, 0x00000007a1180000, 0x00000007c0000000)
  eden space 66560K, 56% used [0x0000000795580000,0x00000007979fddf0,0x0000000799680000)
  from space 5120K, 32% used [0x0000000799680000,0x0000000799824e78,0x0000000799b80000)
  to   space 29696K, 0% used [0x000000079f480000,0x000000079f480000,0x00000007a1180000)
 ParOldGen       total 87552K, used 36097K [0x0000000740000000, 0x0000000745580000, 0x0000000795580000)
  object space 87552K, 41% used [0x0000000740000000,0x00000007423407b8,0x0000000745580000)
 Metaspace       used 15436K, capacity 15680K, committed 16000K, reserved 1062912K
  class space    used 1504K, capacity 1597K, committed 1664K, reserved 1048576K
GC Heap History (10 events):
Event: 4.561 GC heap before
{Heap before GC invocations=1 (full 0):
 PSYoungGen      total 38400K, used 33280K [0x0000000795580000, 0x0000000798000000, 0x00000007c0000000)
  eden space 33280K, 100% used [0x0000000795580000,0x0000000797600000,0x0000000797600000)
  from space 5120K, 0% used [0x0000000797b00000,0x0000000797b00000,0x0000000798000000)
  to   space 5120K, 0% used [0x0000000797600000,0x0000000797600000,0x0000000797b00000)
 ParOldGen       total 87552K, used 0K [0x0000000740000000, 0x0000000745580000, 0x0000000795580000)
  object space 87552K, 0% used [0x0000000740000000,0x0000000740000000,0x0000000745580000)
 Metaspace       used 12945K, capacity 13152K, committed 13440K, reserved 1060864K
  class space    used 1249K, capacity 1309K, committed 1408K, reserved 1048576K
Event: 4.566 GC heap after
Heap after GC invocations=1 (full 0):
 PSYoungGen      total 38400K, used 5095K [0x0000000795580000, 0x0000000798000000, 0x00000007c0000000)
  eden space 33280K, 0% used [0x0000000795580000,0x0000000795580000,0x0000000797600000)
  from space 5120K, 99% used [0x0000000797600000,0x0000000797af9dc8,0x0000000797b00000)
  to   space 5120K, 0% used [0x0000000797b00000,0x0000000797b00000,0x0000000798000000)
 ParOldGen       total 87552K, used 8K [0x0000000740000000, 0x0000000745580000, 0x0000000795580000)
  object space 87552K, 0% used [0x0000000740000000,0x0000000740002000,0x0000000745580000)
 Metaspace       used 12945K, capacity 13152K, committed 13440K, reserved 1060864K
  class space    used 1249K, capacity 1309K, committed 1408K, reserved 1048576K
}
Event: 5.152 GC heap before
{Heap before GC invocations=2 (full 0):
 PSYoungGen      total 38400K, used 34936K [0x0000000795580000, 0x0000000798000000, 0x00000007c0000000)
  eden space 33280K, 89% used [0x0000000795580000,0x00000007972a4438,0x0000000797600000)
  from space 5120K, 99% used [0x0000000797600000,0x0000000797af9dc8,0x0000000797b00000)
  to   space 5120K, 0% used [0x0000000797b00000,0x0000000797b00000,0x0000000798000000)
 ParOldGen       total 87552K, used 8K [0x0000000740000000, 0x0000000745580000, 0x0000000795580000)
  object space 87552K, 0% used [0x0000000740000000,0x0000000740002000,0x0000000745580000)
 Metaspace       used 14853K, capacity 15040K, committed 15104K, reserved 1062912K
  class space    used 1462K, capacity 1533K, committed 1536K, reserved 1048576K
Event: 5.164 GC heap after
Heap after GC invocations=2 (full 0):
 PSYoungGen      total 38400K, used 5088K [0x0000000795580000, 0x000000079a080000, 0x00000007c0000000)
  eden space 33280K, 0% used [0x0000000795580000,0x0000000795580000,0x0000000797600000)
  from space 5120K, 99% used [0x0000000797b00000,0x0000000797ff8010,0x0000000798000000)
  to   space 5120K, 0% used [0x0000000797600000,0x0000000797600000,0x0000000797b00000)
 ParOldGen       total 87552K, used 23785K [0x0000000740000000, 0x0000000745580000, 0x0000000795580000)
  object space 87552K, 27% used [0x0000000740000000,0x000000074173a788,0x0000000745580000)
 Metaspace       used 14853K, capacity 15040K, committed 15104K, reserved 1062912K
  class space    used 1462K, capacity 1533K, committed 1536K, reserved 1048576K
}
Event: 5.259 GC heap before
{Heap before GC invocations=3 (full 0):
 PSYoungGen      total 38400K, used 38368K [0x0000000795580000, 0x000000079a080000, 0x00000007c0000000)
  eden space 33280K, 100% used [0x0000000795580000,0x0000000797600000,0x0000000797600000)
  from space 5120K, 99% used [0x0000000797b00000,0x0000000797ff8010,0x0000000798000000)
  to   space 5120K, 0% used [0x0000000797600000,0x0000000797600000,0x0000000797b00000)
 ParOldGen       total 87552K, used 23785K [0x0000000740000000, 0x0000000745580000, 0x0000000795580000)
  object space 87552K, 27% used [0x0000000740000000,0x000000074173a788,0x0000000745580000)
 Metaspace       used 14880K, capacity 15104K, committed 15360K, reserved 1062912K
  class space    used 1463K, capacity 1533K, committed 1536K, reserved 1048576K
Event: 5.266 GC heap after
Heap after GC invocations=3 (full 0):
 PSYoungGen      total 38400K, used 5104K [0x0000000795580000, 0x000000079a080000, 0x00000007c0000000)
  eden space 33280K, 0% used [0x0000000795580000,0x0000000795580000,0x0000000797600000)
  from space 5120K, 99% used [0x0000000797600000,0x0000000797afc020,0x0000000797b00000)
  to   space 5120K, 0% used [0x0000000799b80000,0x0000000799b80000,0x000000079a080000)
 ParOldGen       total 87552K, used 36081K [0x0000000740000000, 0x0000000745580000, 0x0000000795580000)
  object space 87552K, 41% used [0x0000000740000000,0x000000074233c7b8,0x0000000745580000)
 Metaspace       used 14880K, capacity 15104K, committed 15360K, reserved 1062912K
  class space    used 1463K, capacity 1533K, committed 1536K, reserved 1048576K
}
Event: 5.471 GC heap before
{Heap before GC invocations=4 (full 0):
 PSYoungGen      total 38400K, used 38384K [0x0000000795580000, 0x000000079a080000, 0x00000007c0000000)
  eden space 33280K, 100% used [0x0000000795580000,0x0000000797600000,0x0000000797600000)
  from space 5120K, 99% used [0x0000000797600000,0x0000000797afc020,0x0000000797b00000)
  to   space 5120K, 0% used [0x0000000799b80000,0x0000000799b80000,0x000000079a080000)
 ParOldGen       total 87552K, used 36081K [0x0000000740000000, 0x0000000745580000, 0x0000000795580000)
  object space 87552K, 41% used [0x0000000740000000,0x000000074233c7b8,0x0000000745580000)
 Metaspace       used 15365K, capacity 15520K, committed 15744K, reserved 1062912K
  class space    used 1498K, capacity 1565K, committed 1664K, reserved 1048576K
Event: 5.475 GC heap after
Heap after GC invocations=4 (full 0):
 PSYoungGen      total 71680K, used 2584K [0x0000000795580000, 0x000000079a080000, 0x00000007c0000000)
  eden space 66560K, 0% used [0x0000000795580000,0x0000000795580000,0x0000000799680000)
  from space 5120K, 50% used [0x0000000799b80000,0x0000000799e061a8,0x000000079a080000)
  to   space 5120K, 0% used [0x0000000799680000,0x0000000799680000,0x0000000799b80000)
 ParOldGen       total 87552K, used 36089K [0x0000000740000000, 0x0000000745580000, 0x0000000795580000)
  object space 87552K, 41% used [0x0000000740000000,0x000000074233e7b8,0x0000000745580000)
 Metaspace       used 15365K, capacity 15520K, committed 15744K, reserved 1062912K
  class space    used 1498K, capacity 1565K, committed 1664K, reserved 1048576K
}
Event: 5.683 GC heap before
{Heap before GC invocations=5 (full 0):
 PSYoungGen      total 71680K, used 69144K [0x0000000795580000, 0x000000079a080000, 0x00000007c0000000)
  eden space 66560K, 100% used [0x0000000795580000,0x0000000799680000,0x0000000799680000)
  from space 5120K, 50% used [0x0000000799b80000,0x0000000799e061a8,0x000000079a080000)
  to   space 5120K, 0% used [0x0000000799680000,0x0000000799680000,0x0000000799b80000)
 ParOldGen       total 87552K, used 36089K [0x0000000740000000, 0x0000000745580000, 0x0000000795580000)
  object space 87552K, 41% used [0x0000000740000000,0x000000074233e7b8,0x0000000745580000)
 Metaspace       used 15429K, capacity 15680K, committed 16000K, reserved 1062912K
  class space    used 1504K, capacity 1597K, committed 1664K, reserved 1048576K
Event: 5.686 GC heap after
Heap after GC invocations=5 (full 0):
 PSYoungGen      total 71680K, used 1683K [0x0000000795580000, 0x00000007a1180000, 0x00000007c0000000)
  eden space 66560K, 0% used [0x0000000795580000,0x0000000795580000,0x0000000799680000)
  from space 5120K, 32% used [0x0000000799680000,0x0000000799824e78,0x0000000799b80000)
  to   space 29696K, 0% used [0x000000079f480000,0x000000079f480000,0x00000007a1180000)
 ParOldGen       total 87552K, used 36097K [0x0000000740000000, 0x0000000745580000, 0x0000000795580000)
  object space 87552K, 41% used [0x0000000740000000,0x00000007423407b8,0x0000000745580000)
 Metaspace       used 15429K, capacity 15680K, committed 16000K, reserved 1062912K
  class space    used 1504K, capacity 1597K, committed 1664K, reserved 1048576K
}

