# JRE version: Java(TM) SE Runtime Environment (8.0_201-b09) (build 1.8.0_201-b09)
# Java VM: Java HotSpot(TM) 64-Bit Server VM (25.201-b09 mixed mode bsd-amd64 compressed oops)
Heap:
 PSYoungGen      total 71680K, used 40970K [0x0000000795580000, 0x00000007a0f80000, 0x00000007c0000000)
  eden space 66560K, 59% used [0x0000000795580000,0x0000000797c02a50,0x0000000799680000)
  from space 5120K, 30% used [0x0000000799680000,0x0000000799800020,0x0000000799b80000)
  to   space 28672K, 0% used [0x000000079f380000,0x000000079f380000,0x00000007a0f80000)
 ParOldGen       total 87552K, used 32046K [0x0000000740000000, 0x0000000745580000, 0x0000000795580000)
  object space 87552K, 36% used [0x0000000740000000,0x0000000741f4bbe8,0x0000000745580000)
 Metaspace       used 15472K, capacity 15664K, committed 16000K, reserved 1062912K
  class space    used 1504K, capacity 1597K, committed 1664K, reserved 1048576K
GC Heap History (10 events):
Event: 1.973 GC heap before
{Heap before GC invocations=1 (full 0):
 PSYoungGen      total 38400K, used 33280K [0x0000000795580000, 0x0000000798000000, 0x00000007c0000000)
  eden space 33280K, 100% used [0x0000000795580000,0x0000000797600000,0x0000000797600000)
  from space 5120K, 0% used [0x0000000797b00000,0x0000000797b00000,0x0000000798000000)
  to   space 5120K, 0% used [0x0000000797600000,0x0000000797600000,0x0000000797b00000)
 ParOldGen       total 87552K, used 0K [0x0000000740000000, 0x0000000745580000, 0x0000000795580000)
  object space 87552K, 0% used [0x0000000740000000,0x0000000740000000,0x0000000745580000)
 Metaspace       used 13092K, capacity 13264K, committed 13440K, reserved 1060864K
  class space    used 1254K, capacity 1309K, committed 1408K, reserved 1048576K
Event: 1.979 GC heap after
Heap after GC invocations=1 (full 0):
 PSYoungGen      total 38400K, used 5096K [0x0000000795580000, 0x0000000798000000, 0x00000007c0000000)
  eden space 33280K, 0% used [0x0000000795580000,0x0000000795580000,0x0000000797600000)
  from space 5120K, 99% used [0x0000000797600000,0x0000000797afa228,0x0000000797b00000)
  to   space 5120K, 0% used [0x0000000797b00000,0x0000000797b00000,0x0000000798000000)
 ParOldGen       total 87552K, used 94K [0x0000000740000000, 0x0000000745580000, 0x0000000795580000)
  object space 87552K, 0% used [0x0000000740000000,0x0000000740017948,0x0000000745580000)
 Metaspace       used 13092K, capacity 13264K, committed 13440K, reserved 1060864K
  class space    used 1254K, capacity 1309K, committed 1408K, reserved 1048576K
}
Event: 2.687 GC heap before
{Heap before GC invocations=2 (full 0):
 PSYoungGen      total 38400K, used 34433K [0x0000000795580000, 0x0000000798000000, 0x00000007c0000000)
  eden space 33280K, 88% used [0x0000000795580000,0x00000007972263f8,0x0000000797600000)
  from space 5120K, 99% used [0x0000000797600000,0x0000000797afa228,0x0000000797b00000)
  to   space 5120K, 0% used [0x0000000797b00000,0x0000000797b00000,0x0000000798000000)
 ParOldGen       total 87552K, used 94K [0x0000000740000000, 0x0000000745580000, 0x0000000795580000)
  object space 87552K, 0% used [0x0000000740000000,0x0000000740017948,0x0000000745580000)
 Metaspace       used 14873K, capacity 15088K, committed 15360K, reserved 1062912K
  class space    used 1459K, capacity 1533K, committed 1536K, reserved 1048576K
Event: 2.697 GC heap after
Heap after GC invocations=2 (full 0):
 PSYoungGen      total 38400K, used 5104K [0x0000000795580000, 0x0000000798000000, 0x00000007c0000000)
  eden space 33280K, 0% used [0x0000000795580000,0x0000000795580000,0x0000000797600000)
  from space 5120K, 99% used [0x0000000797b00000,0x0000000797ffc020,0x0000000798000000)
  to   space 5120K, 0% used [0x0000000797600000,0x0000000797600000,0x0000000797b00000)
 ParOldGen       total 87552K, used 19710K [0x0000000740000000, 0x0000000745580000, 0x0000000795580000)
  object space 87552K, 22% used [0x0000000740000000,0x000000074133fbb8,0x0000000745580000)
 Metaspace       used 14873K, capacity 15088K, committed 15360K, reserved 1062912K
  class space    used 1459K, capacity 1533K, committed 1536K, reserved 1048576K
}
Event: 2.791 GC heap before
{Heap before GC invocations=3 (full 0):
 PSYoungGen      total 38400K, used 38384K [0x0000000795580000, 0x0000000798000000, 0x00000007c0000000)
  eden space 33280K, 100% used [0x0000000795580000,0x0000000797600000,0x0000000797600000)
  from space 5120K, 99% used [0x0000000797b00000,0x0000000797ffc020,0x0000000798000000)
  to   space 5120K, 0% used [0x0000000797600000,0x0000000797600000,0x0000000797b00000)
 ParOldGen       total 87552K, used 19710K [0x0000000740000000, 0x0000000745580000, 0x0000000795580000)
  object space 87552K, 22% used [0x0000000740000000,0x000000074133fbb8,0x0000000745580000)
 Metaspace       used 14901K, capacity 15088K, committed 15360K, reserved 1062912K
  class space    used 1461K, capacity 1533K, committed 1536K, reserved 1048576K
Event: 2.798 GC heap after
Heap after GC invocations=3 (full 0):
 PSYoungGen      total 38400K, used 5088K [0x0000000795580000, 0x000000079a080000, 0x00000007c0000000)
  eden space 33280K, 0% used [0x0000000795580000,0x0000000795580000,0x0000000797600000)
  from space 5120K, 99% used [0x0000000797600000,0x0000000797af8010,0x0000000797b00000)
  to   space 5120K, 0% used [0x0000000799b80000,0x0000000799b80000,0x000000079a080000)
 ParOldGen       total 87552K, used 32030K [0x0000000740000000, 0x0000000745580000, 0x0000000795580000)
  object space 87552K, 36% used [0x0000000740000000,0x0000000741f47be8,0x0000000745580000)
 Metaspace       used 14901K, capacity 15088K, committed 15360K, reserved 1062912K
  class space    used 1461K, capacity 1533K, committed 1536K, reserved 1048576K
}
Event: 3.059 GC heap before
{Heap before GC invocations=4 (full 0):
 PSYoungGen      total 38400K, used 38368K [0x0000000795580000, 0x000000079a080000, 0x00000007c0000000)
  eden space 33280K, 100% used [0x0000000795580000,0x0000000797600000,0x0000000797600000)
  from space 5120K, 99% used [0x0000000797600000,0x0000000797af8010,0x0000000797b00000)
  to   space 5120K, 0% used [0x0000000799b80000,0x0000000799b80000,0x000000079a080000)
 ParOldGen       total 87552K, used 32030K [0x0000000740000000, 0x0000000745580000, 0x0000000795580000)
  object space 87552K, 36% used [0x0000000740000000,0x0000000741f47be8,0x0000000745580000)
 Metaspace       used 15281K, capacity 15408K, committed 15616K, reserved 1062912K
  class space    used 1494K, capacity 1533K, committed 1536K, reserved 1048576K
Event: 3.064 GC heap after
Heap after GC invocations=4 (full 0):
 PSYoungGen      total 71680K, used 2544K [0x0000000795580000, 0x000000079a080000, 0x00000007c0000000)
  eden space 66560K, 0% used [0x0000000795580000,0x0000000795580000,0x0000000799680000)
  from space 5120K, 49% used [0x0000000799b80000,0x0000000799dfc010,0x000000079a080000)
  to   space 5120K, 0% used [0x0000000799680000,0x0000000799680000,0x0000000799b80000)
 ParOldGen       total 87552K, used 32038K [0x0000000740000000, 0x0000000745580000, 0x0000000795580000)
  object space 87552K, 36% used [0x0000000740000000,0x0000000741f49be8,0x0000000745580000)
 Metaspace       used 15281K, capacity 15408K, committed 15616K, reserved 1062912K
  class space    used 1494K, capacity 1533K, committed 1536K, reserved 1048576K
}
Event: 3.282 GC heap before
{Heap before GC invocations=5 (full 0):
 PSYoungGen      total 71680K, used 69104K [0x0000000795580000, 0x000000079a080000, 0x00000007c0000000)
  eden space 66560K, 100% used [0x0000000795580000,0x0000000799680000,0x0000000799680000)
  from space 5120K, 49% used [0x0000000799b80000,0x0000000799dfc010,0x000000079a080000)
  to   space 5120K, 0% used [0x0000000799680000,0x0000000799680000,0x0000000799b80000)
 ParOldGen       total 87552K, used 32038K [0x0000000740000000, 0x0000000745580000, 0x0000000795580000)
  object space 87552K, 36% used [0x0000000740000000,0x0000000741f49be8,0x0000000745580000)
 Metaspace       used 15360K, capacity 15536K, committed 15744K, reserved 1062912K
  class space    used 1502K, capacity 1597K, committed 1664K, reserved 1048576K
Event: 3.285 GC heap after
Heap after GC invocations=5 (full 0):
 PSYoungGen      total 71680K, used 1536K [0x0000000795580000, 0x00000007a0f80000, 0x00000007c0000000)
  eden space 66560K, 0% used [0x0000000795580000,0x0000000795580000,0x0000000799680000)
  from space 5120K, 30% used [0x0000000799680000,0x0000000799800020,0x0000000799b80000)
  to   space 28672K, 0% used [0x000000079f380000,0x000000079f380000,0x00000007a0f80000)
 ParOldGen       total 87552K, used 32046K [0x0000000740000000, 0x0000000745580000, 0x0000000795580000)
  object space 87552K, 36% used [0x0000000740000000,0x0000000741f4bbe8,0x0000000745580000)
 Metaspace       used 15360K, capacity 15536K, committed 15744K, reserved 1062912K
  class space    used 1502K, capacity 1597K, committed 1664K, reserved 1048576K
}

