# JRE version: Java(TM) SE Runtime Environment (8.0_201-b09) (build 1.8.0_201-b09)
# Java VM: Java HotSpot(TM) 64-Bit Server VM (25.201-b09 mixed mode bsd-amd64 compressed oops)
Heap:
 PSYoungGen      total 71680K, used 41009K [0x0000000795580000, 0x00000007a0f80000, 0x00000007c0000000)
  eden space 66560K, 59% used [0x0000000795580000,0x0000000797bf0620,0x0000000799680000)
  from space 5120K, 32% used [0x0000000799680000,0x000000079981c140,0x0000000799b80000)
  to   space 28672K, 0% used [0x000000079f380000,0x000000079f380000,0x00000007a0f80000)
 ParOldGen       total 87552K, used 32058K [0x0000000740000000, 0x0000000745580000, 0x0000000795580000)
  object space 87552K, 36% used [0x0000000740000000,0x0000000741f4e860,0x0000000745580000)
 Metaspace       used 15451K, capacity 15616K, committed 15744K, reserved 1062912K
  class space    used 1507K, capacity 1597K, committed 1664K, reserved 1048576K
GC Heap History (10 events):
Event: 3.208 GC heap before
{Heap before GC invocations=1 (full 0):
 PSYoungGen      total 38400K, used 33280K [0x0000000795580000, 0x0000000798000000, 0x00000007c0000000)
  eden space 33280K, 100% used [0x0000000795580000,0x0000000797600000,0x0000000797600000)
  from space 5120K, 0% used [0x0000000797b00000,0x0000000797b00000,0x0000000798000000)
  to   space 5120K, 0% used [0x0000000797600000,0x0000000797600000,0x0000000797b00000)
 ParOldGen       total 87552K, used 0K [0x0000000740000000, 0x0000000745580000, 0x0000000795580000)
  object space 87552K, 0% used [0x0000000740000000,0x0000000740000000,0x0000000745580000)
 Metaspace       used 12953K, capacity 13152K, committed 13440K, reserved 1060864K
  class space    used 1251K, capacity 1309K, committed 1408K, reserved 1048576K
Event: 3.213 GC heap after
Heap after GC invocations=1 (full 0):
 PSYoungGen      total 38400K, used 5092K [0x0000000795580000, 0x0000000798000000, 0x00000007c0000000)
  eden space 33280K, 0% used [0x0000000795580000,0x0000000795580000,0x0000000797600000)
  from space 5120K, 99% used [0x0000000797600000,0x0000000797af9158,0x0000000797b00000)
  to   space 5120K, 0% used [0x0000000797b00000,0x0000000797b00000,0x0000000798000000)
 ParOldGen       total 87552K, used 53K [0x0000000740000000, 0x0000000745580000, 0x0000000795580000)
  object space 87552K, 0% used [0x0000000740000000,0x000000074000d668,0x0000000745580000)
 Metaspace       used 12953K, capacity 13152K, committed 13440K, reserved 1060864K
  class space    used 1251K, capacity 1309K, committed 1408K, reserved 1048576K
}
Event: 3.830 GC heap before
{Heap before GC invocations=2 (full 0):
 PSYoungGen      total 38400K, used 34985K [0x0000000795580000, 0x0000000798000000, 0x00000007c0000000)
  eden space 33280K, 89% used [0x0000000795580000,0x00000007972b13e0,0x0000000797600000)
  from space 5120K, 99% used [0x0000000797600000,0x0000000797af9158,0x0000000797b00000)
  to   space 5120K, 0% used [0x0000000797b00000,0x0000000797b00000,0x0000000798000000)
 ParOldGen       total 87552K, used 53K [0x0000000740000000, 0x0000000745580000, 0x0000000795580000)
  object space 87552K, 0% used [0x0000000740000000,0x000000074000d668,0x0000000745580000)
 Metaspace       used 14847K, capacity 15040K, committed 15104K, reserved 1062912K
  class space    used 1463K, capacity 1533K, committed 1536K, reserved 1048576K
Event: 3.839 GC heap after
Heap after GC invocations=2 (full 0):
 PSYoungGen      total 38400K, used 5104K [0x0000000795580000, 0x0000000798000000, 0x00000007c0000000)
  eden space 33280K, 0% used [0x0000000795580000,0x0000000795580000,0x0000000797600000)
  from space 5120K, 99% used [0x0000000797b00000,0x0000000797ffc020,0x0000000798000000)
  to   space 5120K, 0% used [0x0000000797600000,0x0000000797600000,0x0000000797b00000)
 ParOldGen       total 87552K, used 19722K [0x0000000740000000, 0x0000000745580000, 0x0000000795580000)
  object space 87552K, 22% used [0x0000000740000000,0x0000000741342830,0x0000000745580000)
 Metaspace       used 14847K, capacity 15040K, committed 15104K, reserved 1062912K
  class space    used 1463K, capacity 1533K, committed 1536K, reserved 1048576K
}
Event: 3.935 GC heap before
{Heap before GC invocations=3 (full 0):
 PSYoungGen      total 38400K, used 38384K [0x0000000795580000, 0x0000000798000000, 0x00000007c0000000)
  eden space 33280K, 100% used [0x0000000795580000,0x0000000797600000,0x0000000797600000)
  from space 5120K, 99% used [0x0000000797b00000,0x0000000797ffc020,0x0000000798000000)
  to   space 5120K, 0% used [0x0000000797600000,0x0000000797600000,0x0000000797b00000)
 ParOldGen       total 87552K, used 19722K [0x0000000740000000, 0x0000000745580000, 0x0000000795580000)
  object space 87552K, 22% used [0x0000000740000000,0x0000000741342830,0x0000000745580000)
 Metaspace       used 14875K, capacity 15104K, committed 15360K, reserved 1062912K
  class space    used 1464K, capacity 1533K, committed 1536K, reserved 1048576K
Event: 3.941 GC heap after
Heap after GC invocations=3 (full 0):
 PSYoungGen      total 38400K, used 5104K [0x0000000795580000, 0x000000079a080000, 0x00000007c0000000)
  eden space 33280K, 0% used [0x0000000795580000,0x0000000795580000,0x0000000797600000)
  from space 5120K, 99% used [0x0000000797600000,0x0000000797afc020,0x0000000797b00000)
  to   space 5120K, 0% used [0x0000000799b80000,0x0000000799b80000,0x000000079a080000)
 ParOldGen       total 87552K, used 32042K [0x0000000740000000, 0x0000000745580000, 0x0000000795580000)
  object space 87552K, 36% used [0x0000000740000000,0x0000000741f4a860,0x0000000745580000)
 Metaspace       used 14875K, capacity 15104K, committed 15360K, reserved 1062912K
  class space    used 1464K, capacity 1533K, committed 1536K, reserved 1048576K
}
Event: 4.144 GC heap before
{Heap before GC invocations=4 (full 0):
 PSYoungGen      total 38400K, used 38384K [0x0000000795580000, 0x000000079a080000, 0x00000007c0000000)
  eden space 33280K, 100% used [0x0000000795580000,0x0000000797600000,0x0000000797600000)
  from space 5120K, 99% used [0x0000000797600000,0x0000000797afc020,0x0000000797b00000)
  to   space 5120K, 0% used [0x0000000799b80000,0x0000000799b80000,0x000000079a080000)
 ParOldGen       total 87552K, used 32042K [0x0000000740000000, 0x0000000745580000, 0x0000000795580000)
  object space 87552K, 36% used [0x0000000740000000,0x0000000741f4a860,0x0000000745580000)
 Metaspace       used 15365K, capacity 15520K, committed 15744K, reserved 1062912K
  class space    used 1499K, capacity 1565K, committed 1664K, reserved 1048576K
Event: 4.148 GC heap after
Heap after GC invocations=4 (full 0):
 PSYoungGen      total 71680K, used 2536K [0x0000000795580000, 0x000000079a080000, 0x00000007c0000000)
  eden space 66560K, 0% used [0x0000000795580000,0x0000000795580000,0x0000000799680000)
  from space 5120K, 49% used [0x0000000799b80000,0x0000000799dfa1b8,0x000000079a080000)
  to   space 5120K, 0% used [0x0000000799680000,0x0000000799680000,0x0000000799b80000)
 ParOldGen       total 87552K, used 32050K [0x0000000740000000, 0x0000000745580000, 0x0000000795580000)
  object space 87552K, 36% used [0x0000000740000000,0x0000000741f4c860,0x0000000745580000)
 Metaspace       used 15365K, capacity 15520K, committed 15744K, reserved 1062912K
  class space    used 1499K, capacity 1565K, committed 1664K, reserved 1048576K
}
Event: 4.359 GC heap before
{Heap before GC invocations=5 (full 0):
 PSYoungGen      total 71680K, used 69096K [0x0000000795580000, 0x000000079a080000, 0x00000007c0000000)
  eden space 66560K, 100% used [0x0000000795580000,0x0000000799680000,0x0000000799680000)
  from space 5120K, 49% used [0x0000000799b80000,0x0000000799dfa1b8,0x000000079a080000)
  to   space 5120K, 0% used [0x0000000799680000,0x0000000799680000,0x0000000799b80000)
 ParOldGen       total 87552K, used 32050K [0x0000000740000000, 0x0000000745580000, 0x0000000795580000)
  object space 87552K, 36% used [0x0000000740000000,0x0000000741f4c860,0x0000000745580000)
 Metaspace       used 15430K, capacity 15616K, committed 15744K, reserved 1062912K
  class space    used 1504K, capacity 1597K, committed 1664K, reserved 1048576K
Event: 4.361 GC heap after
Heap after GC invocations=5 (full 0):
 PSYoungGen      total 71680K, used 1648K [0x0000000795580000, 0x00000007a0f80000, 0x00000007c0000000)
  eden space 66560K, 0% used [0x0000000795580000,0x0000000795580000,0x0000000799680000)
  from space 5120K, 32% used [0x0000000799680000,0x000000079981c140,0x0000000799b80000)
  to   space 28672K, 0% used [0x000000079f380000,0x000000079f380000,0x00000007a0f80000)
 ParOldGen       total 87552K, used 32058K [0x0000000740000000, 0x0000000745580000, 0x0000000795580000)
  object space 87552K, 36% used [0x0000000740000000,0x0000000741f4e860,0x0000000745580000)
 Metaspace       used 15430K, capacity 15616K, committed 15744K, reserved 1062912K
  class space    used 1504K, capacity 1597K, committed 1664K, reserved 1048576K
}

