# JRE version: Java(TM) SE Runtime Environment (8.0_201-b09) (build 1.8.0_201-b09)
# Java VM: Java HotSpot(TM) 64-Bit Server VM (25.201-b09 mixed mode bsd-amd64 compressed oops)
Heap:
 PSYoungGen      total 71680K, used 39191K [0x0000000795580000, 0x00000007a0980000, 0x00000007c0000000)
  eden space 66560K, 56% used [0x0000000795580000,0x0000000797a2dde8,0x0000000799680000)
  from space 5120K, 31% used [0x0000000799680000,0x0000000799818020,0x0000000799b80000)
  to   space 25600K, 0% used [0x000000079f080000,0x000000079f080000,0x00000007a0980000)
 ParOldGen       total 87552K, used 36221K [0x0000000740000000, 0x0000000745580000, 0x0000000795580000)
  object space 87552K, 41% used [0x0000000740000000,0x000000074235f460,0x0000000745580000)
 Metaspace       used 15455K, capacity 15680K, committed 16000K, reserved 1062912K
  class space    used 1507K, capacity 1597K, committed 1664K, reserved 1048576K
GC Heap History (10 events):
Event: 1.908 GC heap before
{Heap before GC invocations=1 (full 0):
 PSYoungGen      total 38400K, used 33280K [0x0000000795580000, 0x0000000798000000, 0x00000007c0000000)
  eden space 33280K, 100% used [0x0000000795580000,0x0000000797600000,0x0000000797600000)
  from space 5120K, 0% used [0x0000000797b00000,0x0000000797b00000,0x0000000798000000)
  to   space 5120K, 0% used [0x0000000797600000,0x0000000797600000,0x0000000797b00000)
 ParOldGen       total 87552K, used 0K [0x0000000740000000, 0x0000000745580000, 0x0000000795580000)
  object space 87552K, 0% used [0x0000000740000000,0x0000000740000000,0x0000000745580000)
 Metaspace       used 12989K, capacity 13152K, committed 13440K, reserved 1060864K
  class space    used 1254K, capacity 1309K, committed 1408K, reserved 1048576K
Event: 1.915 GC heap after
Heap after GC invocations=1 (full 0):
 PSYoungGen      total 38400K, used 5096K [0x0000000795580000, 0x0000000798000000, 0x00000007c0000000)
  eden space 33280K, 0% used [0x0000000795580000,0x0000000795580000,0x0000000797600000)
  from space 5120K, 99% used [0x0000000797600000,0x0000000797afa1d0,0x0000000797b00000)
  to   space 5120K, 0% used [0x0000000797b00000,0x0000000797b00000,0x0000000798000000)
 ParOldGen       total 87552K, used 162K [0x0000000740000000, 0x0000000745580000, 0x0000000795580000)
  object space 87552K, 0% used [0x0000000740000000,0x00000007400289a8,0x0000000745580000)
 Metaspace       used 12989K, capacity 13152K, committed 13440K, reserved 1060864K
  class space    used 1254K, capacity 1309K, committed 1408K, reserved 1048576K
}
Event: 2.557 GC heap before
{Heap before GC invocations=2 (full 0):
 PSYoungGen      total 38400K, used 34461K [0x0000000795580000, 0x0000000798000000, 0x00000007c0000000)
  eden space 33280K, 88% used [0x0000000795580000,0x000000079722d248,0x0000000797600000)
  from space 5120K, 99% used [0x0000000797600000,0x0000000797afa1d0,0x0000000797b00000)
  to   space 5120K, 0% used [0x0000000797b00000,0x0000000797b00000,0x0000000798000000)
 ParOldGen       total 87552K, used 162K [0x0000000740000000, 0x0000000745580000, 0x0000000795580000)
  object space 87552K, 0% used [0x0000000740000000,0x00000007400289a8,0x0000000745580000)
 Metaspace       used 14869K, capacity 15040K, committed 15104K, reserved 1062912K
  class space    used 1464K, capacity 1533K, committed 1536K, reserved 1048576K
Event: 2.567 GC heap after
Heap after GC invocations=2 (full 0):
 PSYoungGen      total 38400K, used 5088K [0x0000000795580000, 0x0000000798000000, 0x00000007c0000000)
  eden space 33280K, 0% used [0x0000000795580000,0x0000000795580000,0x0000000797600000)
  from space 5120K, 99% used [0x0000000797b00000,0x0000000797ff8010,0x0000000798000000)
  to   space 5120K, 0% used [0x0000000797600000,0x0000000797600000,0x0000000797b00000)
 ParOldGen       total 87552K, used 19813K [0x0000000740000000, 0x0000000745580000, 0x0000000795580000)
  object space 87552K, 22% used [0x0000000740000000,0x0000000741359420,0x0000000745580000)
 Metaspace       used 14869K, capacity 15040K, committed 15104K, reserved 1062912K
  class space    used 1464K, capacity 1533K, committed 1536K, reserved 1048576K
}
Event: 2.667 GC heap before
{Heap before GC invocations=3 (full 0):
 PSYoungGen      total 38400K, used 38368K [0x0000000795580000, 0x0000000798000000, 0x00000007c0000000)
  eden space 33280K, 100% used [0x0000000795580000,0x0000000797600000,0x0000000797600000)
  from space 5120K, 99% used [0x0000000797b00000,0x0000000797ff8010,0x0000000798000000)
  to   space 5120K, 0% used [0x0000000797600000,0x0000000797600000,0x0000000797b00000)
 ParOldGen       total 87552K, used 19813K [0x0000000740000000, 0x0000000745580000, 0x0000000795580000)
  object space 87552K, 22% used [0x0000000740000000,0x0000000741359420,0x0000000745580000)
 Metaspace       used 14898K, capacity 15104K, committed 15360K, reserved 1062912K
  class space    used 1465K, capacity 1533K, committed 1536K, reserved 1048576K
Event: 2.676 GC heap after
Heap after GC invocations=3 (full 0):
 PSYoungGen      total 38400K, used 1024K [0x0000000795580000, 0x000000079a080000, 0x00000007c0000000)
  eden space 33280K, 0% used [0x0000000795580000,0x0000000795580000,0x0000000797600000)
  from space 5120K, 20% used [0x0000000797600000,0x0000000797700000,0x0000000797b00000)
  to   space 5120K, 0% used [0x0000000799b80000,0x0000000799b80000,0x000000079a080000)
 ParOldGen       total 87552K, used 36205K [0x0000000740000000, 0x0000000745580000, 0x0000000795580000)
  object space 87552K, 41% used [0x0000000740000000,0x000000074235b460,0x0000000745580000)
 Metaspace       used 14898K, capacity 15104K, committed 15360K, reserved 1062912K
  class space    used 1465K, capacity 1533K, committed 1536K, reserved 1048576K
}
Event: 2.885 GC heap before
{Heap before GC invocations=4 (full 0):
 PSYoungGen      total 38400K, used 34304K [0x0000000795580000, 0x000000079a080000, 0x00000007c0000000)
  eden space 33280K, 100% used [0x0000000795580000,0x0000000797600000,0x0000000797600000)
  from space 5120K, 20% used [0x0000000797600000,0x0000000797700000,0x0000000797b00000)
  to   space 5120K, 0% used [0x0000000799b80000,0x0000000799b80000,0x000000079a080000)
 ParOldGen       total 87552K, used 36205K [0x0000000740000000, 0x0000000745580000, 0x0000000795580000)
  object space 87552K, 41% used [0x0000000740000000,0x000000074235b460,0x0000000745580000)
 Metaspace       used 15385K, capacity 15520K, committed 15744K, reserved 1062912K
  class space    used 1502K, capacity 1565K, committed 1664K, reserved 1048576K
Event: 2.889 GC heap after
Heap after GC invocations=4 (full 0):
 PSYoungGen      total 71680K, used 2552K [0x0000000795580000, 0x000000079a080000, 0x00000007c0000000)
  eden space 66560K, 0% used [0x0000000795580000,0x0000000795580000,0x0000000799680000)
  from space 5120K, 49% used [0x0000000799b80000,0x0000000799dfe1a8,0x000000079a080000)
  to   space 5120K, 0% used [0x0000000799680000,0x0000000799680000,0x0000000799b80000)
 ParOldGen       total 87552K, used 36213K [0x0000000740000000, 0x0000000745580000, 0x0000000795580000)
  object space 87552K, 41% used [0x0000000740000000,0x000000074235d460,0x0000000745580000)
 Metaspace       used 15385K, capacity 15520K, committed 15744K, reserved 1062912K
  class space    used 1502K, capacity 1565K, committed 1664K, reserved 1048576K
}
Event: 3.116 GC heap before
{Heap before GC invocations=5 (full 0):
 PSYoungGen      total 71680K, used 69112K [0x0000000795580000, 0x000000079a080000, 0x00000007c0000000)
  eden space 66560K, 100% used [0x0000000795580000,0x0000000799680000,0x0000000799680000)
  from space 5120K, 49% used [0x0000000799b80000,0x0000000799dfe1a8,0x000000079a080000)
  to   space 5120K, 0% used [0x0000000799680000,0x0000000799680000,0x0000000799b80000)
 ParOldGen       total 87552K, used 36213K [0x0000000740000000, 0x0000000745580000, 0x0000000795580000)
  object space 87552K, 41% used [0x0000000740000000,0x000000074235d460,0x0000000745580000)
 Metaspace       used 15449K, capacity 15680K, committed 16000K, reserved 1062912K
  class space    used 1507K, capacity 1597K, committed 1664K, reserved 1048576K
Event: 3.121 GC heap after
Heap after GC invocations=5 (full 0):
 PSYoungGen      total 71680K, used 1632K [0x0000000795580000, 0x00000007a0980000, 0x00000007c0000000)
  eden space 66560K, 0% used [0x0000000795580000,0x0000000795580000,0x0000000799680000)
  from space 5120K, 31% used [0x0000000799680000,0x0000000799818020,0x0000000799b80000)
  to   space 25600K, 0% used [0x000000079f080000,0x000000079f080000,0x00000007a0980000)
 ParOldGen       total 87552K, used 36221K [0x0000000740000000, 0x0000000745580000, 0x0000000795580000)
  object space 87552K, 41% used [0x0000000740000000,0x000000074235f460,0x0000000745580000)
 Metaspace       used 15449K, capacity 15680K, committed 16000K, reserved 1062912K
  class space    used 1507K, capacity 1597K, committed 1664K, reserved 1048576K
}

